<?xml version="1.0" encoding="UTF-8"?>
<testsuite xmlns:xsi="http://www.w3.org/2001/XMLSchema-instance" xsi:noNamespaceSchemaLocation="https://maven.apache.org/surefire/maven-surefire-plugin/xsd/surefire-test-report.xsd" name="com.iworkcloud.AppTest" time="0" tests="1" errors="0" skipped="0" failures="0">
  <properties>
    <property name="sun.desktop" value="windows"/>
    <property name="awt.toolkit" value="sun.awt.windows.WToolkit"/>
    <property name="file.encoding.pkg" value="sun.io"/>
    <property name="java.specification.version" value="1.8"/>
    <property name="sun.cpu.isalist" value="amd64"/>
    <property name="sun.jnu.encoding" value="GBK"/>
    <property name="java.class.path" value="D:\Java\idea\local-workspace\iwc\target\test-classes;D:\Java\idea\local-workspace\iwc\target\classes;D:\Java\apache-maven-3.5.4\ku\org\springframework\boot\spring-boot-starter-web\2.3.3.RELEASE\spring-boot-starter-web-2.3.3.RELEASE.jar;D:\Java\apache-maven-3.5.4\ku\org\springframework\boot\spring-boot-starter\2.3.3.RELEASE\spring-boot-starter-2.3.3.RELEASE.jar;D:\Java\apache-maven-3.5.4\ku\org\springframework\boot\spring-boot-starter-logging\2.3.3.RELEASE\spring-boot-starter-logging-2.3.3.RELEASE.jar;D:\Java\apache-maven-3.5.4\ku\ch\qos\logback\logback-classic\1.2.3\logback-classic-1.2.3.jar;D:\Java\apache-maven-3.5.4\ku\ch\qos\logback\logback-core\1.2.3\logback-core-1.2.3.jar;D:\Java\apache-maven-3.5.4\ku\org\apache\logging\log4j\log4j-to-slf4j\2.13.3\log4j-to-slf4j-2.13.3.jar;D:\Java\apache-maven-3.5.4\ku\org\apache\logging\log4j\log4j-api\2.13.3\log4j-api-2.13.3.jar;D:\Java\apache-maven-3.5.4\ku\org\slf4j\jul-to-slf4j\1.7.30\jul-to-slf4j-1.7.30.jar;D:\Java\apache-maven-3.5.4\ku\jakarta\annotation\jakarta.annotation-api\1.3.5\jakarta.annotation-api-1.3.5.jar;D:\Java\apache-maven-3.5.4\ku\org\yaml\snakeyaml\1.26\snakeyaml-1.26.jar;D:\Java\apache-maven-3.5.4\ku\org\springframework\boot\spring-boot-starter-json\2.3.3.RELEASE\spring-boot-starter-json-2.3.3.RELEASE.jar;D:\Java\apache-maven-3.5.4\ku\com\fasterxml\jackson\datatype\jackson-datatype-jdk8\2.11.2\jackson-datatype-jdk8-2.11.2.jar;D:\Java\apache-maven-3.5.4\ku\com\fasterxml\jackson\datatype\jackson-datatype-jsr310\2.11.2\jackson-datatype-jsr310-2.11.2.jar;D:\Java\apache-maven-3.5.4\ku\com\fasterxml\jackson\module\jackson-module-parameter-names\2.11.2\jackson-module-parameter-names-2.11.2.jar;D:\Java\apache-maven-3.5.4\ku\org\springframework\boot\spring-boot-starter-tomcat\2.3.3.RELEASE\spring-boot-starter-tomcat-2.3.3.RELEASE.jar;D:\Java\apache-maven-3.5.4\ku\org\apache\tomcat\embed\tomcat-embed-core\9.0.37\tomcat-embed-core-9.0.37.jar;D:\Java\apache-maven-3.5.4\ku\org\glassfish\jakarta.el\3.0.3\jakarta.el-3.0.3.jar;D:\Java\apache-maven-3.5.4\ku\org\apache\tomcat\embed\tomcat-embed-websocket\9.0.37\tomcat-embed-websocket-9.0.37.jar;D:\Java\apache-maven-3.5.4\ku\org\springframework\spring-web\5.2.8.RELEASE\spring-web-5.2.8.RELEASE.jar;D:\Java\apache-maven-3.5.4\ku\org\springframework\spring-beans\5.2.8.RELEASE\spring-beans-5.2.8.RELEASE.jar;D:\Java\apache-maven-3.5.4\ku\org\springframework\spring-webmvc\5.2.8.RELEASE\spring-webmvc-5.2.8.RELEASE.jar;D:\Java\apache-maven-3.5.4\ku\org\springframework\spring-aop\5.2.8.RELEASE\spring-aop-5.2.8.RELEASE.jar;D:\Java\apache-maven-3.5.4\ku\org\springframework\spring-context\5.2.8.RELEASE\spring-context-5.2.8.RELEASE.jar;D:\Java\apache-maven-3.5.4\ku\org\springframework\spring-expression\5.2.8.RELEASE\spring-expression-5.2.8.RELEASE.jar;D:\Java\apache-maven-3.5.4\ku\org\springframework\boot\spring-boot-starter-test\2.3.3.RELEASE\spring-boot-starter-test-2.3.3.RELEASE.jar;D:\Java\apache-maven-3.5.4\ku\org\springframework\boot\spring-boot-test\2.3.3.RELEASE\spring-boot-test-2.3.3.RELEASE.jar;D:\Java\apache-maven-3.5.4\ku\org\springframework\boot\spring-boot-test-autoconfigure\2.3.3.RELEASE\spring-boot-test-autoconfigure-2.3.3.RELEASE.jar;D:\Java\apache-maven-3.5.4\ku\com\jayway\jsonpath\json-path\2.4.0\json-path-2.4.0.jar;D:\Java\apache-maven-3.5.4\ku\net\minidev\json-smart\2.3\json-smart-2.3.jar;D:\Java\apache-maven-3.5.4\ku\net\minidev\accessors-smart\1.2\accessors-smart-1.2.jar;D:\Java\apache-maven-3.5.4\ku\org\ow2\asm\asm\5.0.4\asm-5.0.4.jar;D:\Java\apache-maven-3.5.4\ku\jakarta\xml\bind\jakarta.xml.bind-api\2.3.3\jakarta.xml.bind-api-2.3.3.jar;D:\Java\apache-maven-3.5.4\ku\jakarta\activation\jakarta.activation-api\1.2.2\jakarta.activation-api-1.2.2.jar;D:\Java\apache-maven-3.5.4\ku\org\assertj\assertj-core\3.16.1\assertj-core-3.16.1.jar;D:\Java\apache-maven-3.5.4\ku\org\hamcrest\hamcrest\2.2\hamcrest-2.2.jar;D:\Java\apache-maven-3.5.4\ku\org\junit\jupiter\junit-jupiter\5.6.2\junit-jupiter-5.6.2.jar;D:\Java\apache-maven-3.5.4\ku\org\junit\jupiter\junit-jupiter-api\5.6.2\junit-jupiter-api-5.6.2.jar;D:\Java\apache-maven-3.5.4\ku\org\opentest4j\opentest4j\1.2.0\opentest4j-1.2.0.jar;D:\Java\apache-maven-3.5.4\ku\org\junit\platform\junit-platform-commons\1.6.2\junit-platform-commons-1.6.2.jar;D:\Java\apache-maven-3.5.4\ku\org\junit\jupiter\junit-jupiter-params\5.6.2\junit-jupiter-params-5.6.2.jar;D:\Java\apache-maven-3.5.4\ku\org\junit\jupiter\junit-jupiter-engine\5.6.2\junit-jupiter-engine-5.6.2.jar;D:\Java\apache-maven-3.5.4\ku\org\junit\vintage\junit-vintage-engine\5.6.2\junit-vintage-engine-5.6.2.jar;D:\Java\apache-maven-3.5.4\ku\org\apiguardian\apiguardian-api\1.1.0\apiguardian-api-1.1.0.jar;D:\Java\apache-maven-3.5.4\ku\org\junit\platform\junit-platform-engine\1.6.2\junit-platform-engine-1.6.2.jar;D:\Java\apache-maven-3.5.4\ku\org\mockito\mockito-core\3.3.3\mockito-core-3.3.3.jar;D:\Java\apache-maven-3.5.4\ku\net\bytebuddy\byte-buddy\1.10.14\byte-buddy-1.10.14.jar;D:\Java\apache-maven-3.5.4\ku\net\bytebuddy\byte-buddy-agent\1.10.14\byte-buddy-agent-1.10.14.jar;D:\Java\apache-maven-3.5.4\ku\org\objenesis\objenesis\2.6\objenesis-2.6.jar;D:\Java\apache-maven-3.5.4\ku\org\mockito\mockito-junit-jupiter\3.3.3\mockito-junit-jupiter-3.3.3.jar;D:\Java\apache-maven-3.5.4\ku\org\skyscreamer\jsonassert\1.5.0\jsonassert-1.5.0.jar;D:\Java\apache-maven-3.5.4\ku\com\vaadin\external\google\android-json\0.0.20131108.vaadin1\android-json-0.0.20131108.vaadin1.jar;D:\Java\apache-maven-3.5.4\ku\org\springframework\spring-core\5.2.8.RELEASE\spring-core-5.2.8.RELEASE.jar;D:\Java\apache-maven-3.5.4\ku\org\springframework\spring-jcl\5.2.8.RELEASE\spring-jcl-5.2.8.RELEASE.jar;D:\Java\apache-maven-3.5.4\ku\org\springframework\spring-test\5.2.8.RELEASE\spring-test-5.2.8.RELEASE.jar;D:\Java\apache-maven-3.5.4\ku\org\xmlunit\xmlunit-core\2.7.0\xmlunit-core-2.7.0.jar;D:\Java\apache-maven-3.5.4\ku\org\springframework\boot\spring-boot-devtools\2.3.3.RELEASE\spring-boot-devtools-2.3.3.RELEASE.jar;D:\Java\apache-maven-3.5.4\ku\org\springframework\boot\spring-boot\2.3.3.RELEASE\spring-boot-2.3.3.RELEASE.jar;D:\Java\apache-maven-3.5.4\ku\org\springframework\boot\spring-boot-autoconfigure\2.3.3.RELEASE\spring-boot-autoconfigure-2.3.3.RELEASE.jar;D:\Java\apache-maven-3.5.4\ku\org\mybatis\spring\boot\mybatis-spring-boot-starter\1.2.0\mybatis-spring-boot-starter-1.2.0.jar;D:\Java\apache-maven-3.5.4\ku\org\springframework\boot\spring-boot-starter-jdbc\2.3.3.RELEASE\spring-boot-starter-jdbc-2.3.3.RELEASE.jar;D:\Java\apache-maven-3.5.4\ku\com\zaxxer\HikariCP\3.4.5\HikariCP-3.4.5.jar;D:\Java\apache-maven-3.5.4\ku\org\springframework\spring-jdbc\5.2.8.RELEASE\spring-jdbc-5.2.8.RELEASE.jar;D:\Java\apache-maven-3.5.4\ku\org\mybatis\spring\boot\mybatis-spring-boot-autoconfigure\1.2.0\mybatis-spring-boot-autoconfigure-1.2.0.jar;D:\Java\apache-maven-3.5.4\ku\org\mybatis\mybatis\3.4.2\mybatis-3.4.2.jar;D:\Java\apache-maven-3.5.4\ku\org\mybatis\mybatis-spring\1.3.1\mybatis-spring-1.3.1.jar;D:\Java\apache-maven-3.5.4\ku\mysql\mysql-connector-java\8.0.21\mysql-connector-java-8.0.21.jar;D:\Java\apache-maven-3.5.4\ku\org\springframework\boot\spring-boot-starter-data-jpa\2.3.3.RELEASE\spring-boot-starter-data-jpa-2.3.3.RELEASE.jar;D:\Java\apache-maven-3.5.4\ku\org\springframework\boot\spring-boot-starter-aop\2.3.3.RELEASE\spring-boot-starter-aop-2.3.3.RELEASE.jar;D:\Java\apache-maven-3.5.4\ku\org\aspectj\aspectjweaver\1.9.6\aspectjweaver-1.9.6.jar;D:\Java\apache-maven-3.5.4\ku\jakarta\transaction\jakarta.transaction-api\1.3.3\jakarta.transaction-api-1.3.3.jar;D:\Java\apache-maven-3.5.4\ku\jakarta\persistence\jakarta.persistence-api\2.2.3\jakarta.persistence-api-2.2.3.jar;D:\Java\apache-maven-3.5.4\ku\org\hibernate\hibernate-core\5.4.20.Final\hibernate-core-5.4.20.Final.jar;D:\Java\apache-maven-3.5.4\ku\org\jboss\logging\jboss-logging\3.4.1.Final\jboss-logging-3.4.1.Final.jar;D:\Java\apache-maven-3.5.4\ku\org\javassist\javassist\3.24.0-GA\javassist-3.24.0-GA.jar;D:\Java\apache-maven-3.5.4\ku\antlr\antlr\2.7.7\antlr-2.7.7.jar;D:\Java\apache-maven-3.5.4\ku\org\jboss\jandex\2.1.3.Final\jandex-2.1.3.Final.jar;D:\Java\apache-maven-3.5.4\ku\com\fasterxml\classmate\1.5.1\classmate-1.5.1.jar;D:\Java\apache-maven-3.5.4\ku\org\dom4j\dom4j\2.1.3\dom4j-2.1.3.jar;D:\Java\apache-maven-3.5.4\ku\org\hibernate\common\hibernate-commons-annotations\5.1.0.Final\hibernate-commons-annotations-5.1.0.Final.jar;D:\Java\apache-maven-3.5.4\ku\org\glassfish\jaxb\jaxb-runtime\2.3.3\jaxb-runtime-2.3.3.jar;D:\Java\apache-maven-3.5.4\ku\org\glassfish\jaxb\txw2\2.3.3\txw2-2.3.3.jar;D:\Java\apache-maven-3.5.4\ku\com\sun\istack\istack-commons-runtime\3.0.11\istack-commons-runtime-3.0.11.jar;D:\Java\apache-maven-3.5.4\ku\com\sun\activation\jakarta.activation\1.2.2\jakarta.activation-1.2.2.jar;D:\Java\apache-maven-3.5.4\ku\org\springframework\data\spring-data-jpa\2.3.3.RELEASE\spring-data-jpa-2.3.3.RELEASE.jar;D:\Java\apache-maven-3.5.4\ku\org\springframework\data\spring-data-commons\2.3.3.RELEASE\spring-data-commons-2.3.3.RELEASE.jar;D:\Java\apache-maven-3.5.4\ku\org\springframework\spring-orm\5.2.8.RELEASE\spring-orm-5.2.8.RELEASE.jar;D:\Java\apache-maven-3.5.4\ku\org\springframework\spring-tx\5.2.8.RELEASE\spring-tx-5.2.8.RELEASE.jar;D:\Java\apache-maven-3.5.4\ku\org\springframework\spring-aspects\5.2.8.RELEASE\spring-aspects-5.2.8.RELEASE.jar;D:\Java\apache-maven-3.5.4\ku\org\springframework\boot\spring-boot-starter-thymeleaf\2.3.3.RELEASE\spring-boot-starter-thymeleaf-2.3.3.RELEASE.jar;D:\Java\apache-maven-3.5.4\ku\org\thymeleaf\thymeleaf-spring5\3.0.11.RELEASE\thymeleaf-spring5-3.0.11.RELEASE.jar;D:\Java\apache-maven-3.5.4\ku\org\thymeleaf\thymeleaf\3.0.11.RELEASE\thymeleaf-3.0.11.RELEASE.jar;D:\Java\apache-maven-3.5.4\ku\org\attoparser\attoparser\2.0.5.RELEASE\attoparser-2.0.5.RELEASE.jar;D:\Java\apache-maven-3.5.4\ku\org\unbescape\unbescape\1.1.6.RELEASE\unbescape-1.1.6.RELEASE.jar;D:\Java\apache-maven-3.5.4\ku\org\thymeleaf\extras\thymeleaf-extras-java8time\3.0.4.RELEASE\thymeleaf-extras-java8time-3.0.4.RELEASE.jar;D:\Java\apache-maven-3.5.4\ku\com\github\pagehelper\pagehelper-spring-boot-starter\1.2.3\pagehelper-spring-boot-starter-1.2.3.jar;D:\Java\apache-maven-3.5.4\ku\com\github\pagehelper\pagehelper-spring-boot-autoconfigure\1.2.3\pagehelper-spring-boot-autoconfigure-1.2.3.jar;D:\Java\apache-maven-3.5.4\ku\com\github\pagehelper\pagehelper\5.1.2\pagehelper-5.1.2.jar;D:\Java\apache-maven-3.5.4\ku\com\github\jsqlparser\jsqlparser\1.0\jsqlparser-1.0.jar;D:\Java\apache-maven-3.5.4\ku\commons-codec\commons-codec\1.14\commons-codec-1.14.jar;D:\Java\apache-maven-3.5.4\ku\org\apache\commons\commons-lang3\3.14.0\commons-lang3-3.14.0.jar;D:\Java\apache-maven-3.5.4\ku\junit\junit\4.13\junit-4.13.jar;D:\Java\apache-maven-3.5.4\ku\org\hamcrest\hamcrest-core\2.2\hamcrest-core-2.2.jar;D:\Java\apache-maven-3.5.4\ku\org\springframework\boot\spring-boot-starter-data-redis\2.3.3.RELEASE\spring-boot-starter-data-redis-2.3.3.RELEASE.jar;D:\Java\apache-maven-3.5.4\ku\org\springframework\data\spring-data-redis\2.3.3.RELEASE\spring-data-redis-2.3.3.RELEASE.jar;D:\Java\apache-maven-3.5.4\ku\org\springframework\data\spring-data-keyvalue\2.3.3.RELEASE\spring-data-keyvalue-2.3.3.RELEASE.jar;D:\Java\apache-maven-3.5.4\ku\org\springframework\spring-oxm\5.2.8.RELEASE\spring-oxm-5.2.8.RELEASE.jar;D:\Java\apache-maven-3.5.4\ku\org\springframework\spring-context-support\5.2.8.RELEASE\spring-context-support-5.2.8.RELEASE.jar;D:\Java\apache-maven-3.5.4\ku\io\lettuce\lettuce-core\5.3.3.RELEASE\lettuce-core-5.3.3.RELEASE.jar;D:\Java\apache-maven-3.5.4\ku\io\netty\netty-common\4.1.51.Final\netty-common-4.1.51.Final.jar;D:\Java\apache-maven-3.5.4\ku\io\netty\netty-handler\4.1.51.Final\netty-handler-4.1.51.Final.jar;D:\Java\apache-maven-3.5.4\ku\io\netty\netty-resolver\4.1.51.Final\netty-resolver-4.1.51.Final.jar;D:\Java\apache-maven-3.5.4\ku\io\netty\netty-buffer\4.1.51.Final\netty-buffer-4.1.51.Final.jar;D:\Java\apache-maven-3.5.4\ku\io\netty\netty-codec\4.1.51.Final\netty-codec-4.1.51.Final.jar;D:\Java\apache-maven-3.5.4\ku\io\netty\netty-transport\4.1.51.Final\netty-transport-4.1.51.Final.jar;D:\Java\apache-maven-3.5.4\ku\io\projectreactor\reactor-core\3.3.9.RELEASE\reactor-core-3.3.9.RELEASE.jar;D:\Java\apache-maven-3.5.4\ku\org\reactivestreams\reactive-streams\1.0.3\reactive-streams-1.0.3.jar;D:\Java\apache-maven-3.5.4\ku\redis\clients\jedis\3.3.0\jedis-3.3.0.jar;D:\Java\apache-maven-3.5.4\ku\org\slf4j\slf4j-api\1.7.30\slf4j-api-1.7.30.jar;D:\Java\apache-maven-3.5.4\ku\org\apache\commons\commons-pool2\2.8.1\commons-pool2-2.8.1.jar;D:\Java\apache-maven-3.5.4\ku\org\projectlombok\lombok\1.18.12\lombok-1.18.12.jar;D:\Java\apache-maven-3.5.4\ku\io\jsonwebtoken\jjwt\0.9.1\jjwt-0.9.1.jar;D:\Java\apache-maven-3.5.4\ku\com\fasterxml\jackson\core\jackson-databind\2.11.2\jackson-databind-2.11.2.jar;D:\Java\apache-maven-3.5.4\ku\com\fasterxml\jackson\core\jackson-annotations\2.11.2\jackson-annotations-2.11.2.jar;D:\Java\apache-maven-3.5.4\ku\com\fasterxml\jackson\core\jackson-core\2.11.2\jackson-core-2.11.2.jar;D:\Java\apache-maven-3.5.4\ku\com\alibaba\fastjson\1.2.76\fastjson-1.2.76.jar;D:\Java\apache-maven-3.5.4\ku\jakarta\servlet\jakarta.servlet-api\5.0.0\jakarta.servlet-api-5.0.0.jar;"/>
    <property name="java.vm.vendor" value="Amazon.com Inc."/>
    <property name="sun.arch.data.model" value="64"/>
    <property name="user.variant" value=""/>
    <property name="java.vendor.url" value="https://aws.amazon.com/corretto/"/>
    <property name="user.timezone" value="Asia/Shanghai"/>
    <property name="java.vm.specification.version" value="1.8"/>
    <property name="os.name" value="Windows 11"/>
    <property name="user.country" value="CN"/>
    <property name="sun.java.launcher" value="SUN_STANDARD"/>
    <property name="sun.boot.library.path" value="C:\Users\aaa\.jdks\corretto-1.8.0_362\jre\bin"/>
    <property name="sun.java.command" value="E:\系统缓存\surefire1786624095275402706\surefirebooter828015671402003368.jar E:\系统缓存\surefire1786624095275402706 2024-09-13T10-58-04_209-jvmRun1 surefire4356583807481026600tmp surefire_02180321981307896132tmp"/>
    <property name="surefire.test.class.path" value="D:\Java\idea\local-workspace\iwc\target\test-classes;D:\Java\idea\local-workspace\iwc\target\classes;D:\Java\apache-maven-3.5.4\ku\org\springframework\boot\spring-boot-starter-web\2.3.3.RELEASE\spring-boot-starter-web-2.3.3.RELEASE.jar;D:\Java\apache-maven-3.5.4\ku\org\springframework\boot\spring-boot-starter\2.3.3.RELEASE\spring-boot-starter-2.3.3.RELEASE.jar;D:\Java\apache-maven-3.5.4\ku\org\springframework\boot\spring-boot-starter-logging\2.3.3.RELEASE\spring-boot-starter-logging-2.3.3.RELEASE.jar;D:\Java\apache-maven-3.5.4\ku\ch\qos\logback\logback-classic\1.2.3\logback-classic-1.2.3.jar;D:\Java\apache-maven-3.5.4\ku\ch\qos\logback\logback-core\1.2.3\logback-core-1.2.3.jar;D:\Java\apache-maven-3.5.4\ku\org\apache\logging\log4j\log4j-to-slf4j\2.13.3\log4j-to-slf4j-2.13.3.jar;D:\Java\apache-maven-3.5.4\ku\org\apache\logging\log4j\log4j-api\2.13.3\log4j-api-2.13.3.jar;D:\Java\apache-maven-3.5.4\ku\org\slf4j\jul-to-slf4j\1.7.30\jul-to-slf4j-1.7.30.jar;D:\Java\apache-maven-3.5.4\ku\jakarta\annotation\jakarta.annotation-api\1.3.5\jakarta.annotation-api-1.3.5.jar;D:\Java\apache-maven-3.5.4\ku\org\yaml\snakeyaml\1.26\snakeyaml-1.26.jar;D:\Java\apache-maven-3.5.4\ku\org\springframework\boot\spring-boot-starter-json\2.3.3.RELEASE\spring-boot-starter-json-2.3.3.RELEASE.jar;D:\Java\apache-maven-3.5.4\ku\com\fasterxml\jackson\datatype\jackson-datatype-jdk8\2.11.2\jackson-datatype-jdk8-2.11.2.jar;D:\Java\apache-maven-3.5.4\ku\com\fasterxml\jackson\datatype\jackson-datatype-jsr310\2.11.2\jackson-datatype-jsr310-2.11.2.jar;D:\Java\apache-maven-3.5.4\ku\com\fasterxml\jackson\module\jackson-module-parameter-names\2.11.2\jackson-module-parameter-names-2.11.2.jar;D:\Java\apache-maven-3.5.4\ku\org\springframework\boot\spring-boot-starter-tomcat\2.3.3.RELEASE\spring-boot-starter-tomcat-2.3.3.RELEASE.jar;D:\Java\apache-maven-3.5.4\ku\org\apache\tomcat\embed\tomcat-embed-core\9.0.37\tomcat-embed-core-9.0.37.jar;D:\Java\apache-maven-3.5.4\ku\org\glassfish\jakarta.el\3.0.3\jakarta.el-3.0.3.jar;D:\Java\apache-maven-3.5.4\ku\org\apache\tomcat\embed\tomcat-embed-websocket\9.0.37\tomcat-embed-websocket-9.0.37.jar;D:\Java\apache-maven-3.5.4\ku\org\springframework\spring-web\5.2.8.RELEASE\spring-web-5.2.8.RELEASE.jar;D:\Java\apache-maven-3.5.4\ku\org\springframework\spring-beans\5.2.8.RELEASE\spring-beans-5.2.8.RELEASE.jar;D:\Java\apache-maven-3.5.4\ku\org\springframework\spring-webmvc\5.2.8.RELEASE\spring-webmvc-5.2.8.RELEASE.jar;D:\Java\apache-maven-3.5.4\ku\org\springframework\spring-aop\5.2.8.RELEASE\spring-aop-5.2.8.RELEASE.jar;D:\Java\apache-maven-3.5.4\ku\org\springframework\spring-context\5.2.8.RELEASE\spring-context-5.2.8.RELEASE.jar;D:\Java\apache-maven-3.5.4\ku\org\springframework\spring-expression\5.2.8.RELEASE\spring-expression-5.2.8.RELEASE.jar;D:\Java\apache-maven-3.5.4\ku\org\springframework\boot\spring-boot-starter-test\2.3.3.RELEASE\spring-boot-starter-test-2.3.3.RELEASE.jar;D:\Java\apache-maven-3.5.4\ku\org\springframework\boot\spring-boot-test\2.3.3.RELEASE\spring-boot-test-2.3.3.RELEASE.jar;D:\Java\apache-maven-3.5.4\ku\org\springframework\boot\spring-boot-test-autoconfigure\2.3.3.RELEASE\spring-boot-test-autoconfigure-2.3.3.RELEASE.jar;D:\Java\apache-maven-3.5.4\ku\com\jayway\jsonpath\json-path\2.4.0\json-path-2.4.0.jar;D:\Java\apache-maven-3.5.4\ku\net\minidev\json-smart\2.3\json-smart-2.3.jar;D:\Java\apache-maven-3.5.4\ku\net\minidev\accessors-smart\1.2\accessors-smart-1.2.jar;D:\Java\apache-maven-3.5.4\ku\org\ow2\asm\asm\5.0.4\asm-5.0.4.jar;D:\Java\apache-maven-3.5.4\ku\jakarta\xml\bind\jakarta.xml.bind-api\2.3.3\jakarta.xml.bind-api-2.3.3.jar;D:\Java\apache-maven-3.5.4\ku\jakarta\activation\jakarta.activation-api\1.2.2\jakarta.activation-api-1.2.2.jar;D:\Java\apache-maven-3.5.4\ku\org\assertj\assertj-core\3.16.1\assertj-core-3.16.1.jar;D:\Java\apache-maven-3.5.4\ku\org\hamcrest\hamcrest\2.2\hamcrest-2.2.jar;D:\Java\apache-maven-3.5.4\ku\org\junit\jupiter\junit-jupiter\5.6.2\junit-jupiter-5.6.2.jar;D:\Java\apache-maven-3.5.4\ku\org\junit\jupiter\junit-jupiter-api\5.6.2\junit-jupiter-api-5.6.2.jar;D:\Java\apache-maven-3.5.4\ku\org\opentest4j\opentest4j\1.2.0\opentest4j-1.2.0.jar;D:\Java\apache-maven-3.5.4\ku\org\junit\platform\junit-platform-commons\1.6.2\junit-platform-commons-1.6.2.jar;D:\Java\apache-maven-3.5.4\ku\org\junit\jupiter\junit-jupiter-params\5.6.2\junit-jupiter-params-5.6.2.jar;D:\Java\apache-maven-3.5.4\ku\org\junit\jupiter\junit-jupiter-engine\5.6.2\junit-jupiter-engine-5.6.2.jar;D:\Java\apache-maven-3.5.4\ku\org\junit\vintage\junit-vintage-engine\5.6.2\junit-vintage-engine-5.6.2.jar;D:\Java\apache-maven-3.5.4\ku\org\apiguardian\apiguardian-api\1.1.0\apiguardian-api-1.1.0.jar;D:\Java\apache-maven-3.5.4\ku\org\junit\platform\junit-platform-engine\1.6.2\junit-platform-engine-1.6.2.jar;D:\Java\apache-maven-3.5.4\ku\org\mockito\mockito-core\3.3.3\mockito-core-3.3.3.jar;D:\Java\apache-maven-3.5.4\ku\net\bytebuddy\byte-buddy\1.10.14\byte-buddy-1.10.14.jar;D:\Java\apache-maven-3.5.4\ku\net\bytebuddy\byte-buddy-agent\1.10.14\byte-buddy-agent-1.10.14.jar;D:\Java\apache-maven-3.5.4\ku\org\objenesis\objenesis\2.6\objenesis-2.6.jar;D:\Java\apache-maven-3.5.4\ku\org\mockito\mockito-junit-jupiter\3.3.3\mockito-junit-jupiter-3.3.3.jar;D:\Java\apache-maven-3.5.4\ku\org\skyscreamer\jsonassert\1.5.0\jsonassert-1.5.0.jar;D:\Java\apache-maven-3.5.4\ku\com\vaadin\external\google\android-json\0.0.20131108.vaadin1\android-json-0.0.20131108.vaadin1.jar;D:\Java\apache-maven-3.5.4\ku\org\springframework\spring-core\5.2.8.RELEASE\spring-core-5.2.8.RELEASE.jar;D:\Java\apache-maven-3.5.4\ku\org\springframework\spring-jcl\5.2.8.RELEASE\spring-jcl-5.2.8.RELEASE.jar;D:\Java\apache-maven-3.5.4\ku\org\springframework\spring-test\5.2.8.RELEASE\spring-test-5.2.8.RELEASE.jar;D:\Java\apache-maven-3.5.4\ku\org\xmlunit\xmlunit-core\2.7.0\xmlunit-core-2.7.0.jar;D:\Java\apache-maven-3.5.4\ku\org\springframework\boot\spring-boot-devtools\2.3.3.RELEASE\spring-boot-devtools-2.3.3.RELEASE.jar;D:\Java\apache-maven-3.5.4\ku\org\springframework\boot\spring-boot\2.3.3.RELEASE\spring-boot-2.3.3.RELEASE.jar;D:\Java\apache-maven-3.5.4\ku\org\springframework\boot\spring-boot-autoconfigure\2.3.3.RELEASE\spring-boot-autoconfigure-2.3.3.RELEASE.jar;D:\Java\apache-maven-3.5.4\ku\org\mybatis\spring\boot\mybatis-spring-boot-starter\1.2.0\mybatis-spring-boot-starter-1.2.0.jar;D:\Java\apache-maven-3.5.4\ku\org\springframework\boot\spring-boot-starter-jdbc\2.3.3.RELEASE\spring-boot-starter-jdbc-2.3.3.RELEASE.jar;D:\Java\apache-maven-3.5.4\ku\com\zaxxer\HikariCP\3.4.5\HikariCP-3.4.5.jar;D:\Java\apache-maven-3.5.4\ku\org\springframework\spring-jdbc\5.2.8.RELEASE\spring-jdbc-5.2.8.RELEASE.jar;D:\Java\apache-maven-3.5.4\ku\org\mybatis\spring\boot\mybatis-spring-boot-autoconfigure\1.2.0\mybatis-spring-boot-autoconfigure-1.2.0.jar;D:\Java\apache-maven-3.5.4\ku\org\mybatis\mybatis\3.4.2\mybatis-3.4.2.jar;D:\Java\apache-maven-3.5.4\ku\org\mybatis\mybatis-spring\1.3.1\mybatis-spring-1.3.1.jar;D:\Java\apache-maven-3.5.4\ku\mysql\mysql-connector-java\8.0.21\mysql-connector-java-8.0.21.jar;D:\Java\apache-maven-3.5.4\ku\org\springframework\boot\spring-boot-starter-data-jpa\2.3.3.RELEASE\spring-boot-starter-data-jpa-2.3.3.RELEASE.jar;D:\Java\apache-maven-3.5.4\ku\org\springframework\boot\spring-boot-starter-aop\2.3.3.RELEASE\spring-boot-starter-aop-2.3.3.RELEASE.jar;D:\Java\apache-maven-3.5.4\ku\org\aspectj\aspectjweaver\1.9.6\aspectjweaver-1.9.6.jar;D:\Java\apache-maven-3.5.4\ku\jakarta\transaction\jakarta.transaction-api\1.3.3\jakarta.transaction-api-1.3.3.jar;D:\Java\apache-maven-3.5.4\ku\jakarta\persistence\jakarta.persistence-api\2.2.3\jakarta.persistence-api-2.2.3.jar;D:\Java\apache-maven-3.5.4\ku\org\hibernate\hibernate-core\5.4.20.Final\hibernate-core-5.4.20.Final.jar;D:\Java\apache-maven-3.5.4\ku\org\jboss\logging\jboss-logging\3.4.1.Final\jboss-logging-3.4.1.Final.jar;D:\Java\apache-maven-3.5.4\ku\org\javassist\javassist\3.24.0-GA\javassist-3.24.0-GA.jar;D:\Java\apache-maven-3.5.4\ku\antlr\antlr\2.7.7\antlr-2.7.7.jar;D:\Java\apache-maven-3.5.4\ku\org\jboss\jandex\2.1.3.Final\jandex-2.1.3.Final.jar;D:\Java\apache-maven-3.5.4\ku\com\fasterxml\classmate\1.5.1\classmate-1.5.1.jar;D:\Java\apache-maven-3.5.4\ku\org\dom4j\dom4j\2.1.3\dom4j-2.1.3.jar;D:\Java\apache-maven-3.5.4\ku\org\hibernate\common\hibernate-commons-annotations\5.1.0.Final\hibernate-commons-annotations-5.1.0.Final.jar;D:\Java\apache-maven-3.5.4\ku\org\glassfish\jaxb\jaxb-runtime\2.3.3\jaxb-runtime-2.3.3.jar;D:\Java\apache-maven-3.5.4\ku\org\glassfish\jaxb\txw2\2.3.3\txw2-2.3.3.jar;D:\Java\apache-maven-3.5.4\ku\com\sun\istack\istack-commons-runtime\3.0.11\istack-commons-runtime-3.0.11.jar;D:\Java\apache-maven-3.5.4\ku\com\sun\activation\jakarta.activation\1.2.2\jakarta.activation-1.2.2.jar;D:\Java\apache-maven-3.5.4\ku\org\springframework\data\spring-data-jpa\2.3.3.RELEASE\spring-data-jpa-2.3.3.RELEASE.jar;D:\Java\apache-maven-3.5.4\ku\org\springframework\data\spring-data-commons\2.3.3.RELEASE\spring-data-commons-2.3.3.RELEASE.jar;D:\Java\apache-maven-3.5.4\ku\org\springframework\spring-orm\5.2.8.RELEASE\spring-orm-5.2.8.RELEASE.jar;D:\Java\apache-maven-3.5.4\ku\org\springframework\spring-tx\5.2.8.RELEASE\spring-tx-5.2.8.RELEASE.jar;D:\Java\apache-maven-3.5.4\ku\org\springframework\spring-aspects\5.2.8.RELEASE\spring-aspects-5.2.8.RELEASE.jar;D:\Java\apache-maven-3.5.4\ku\org\springframework\boot\spring-boot-starter-thymeleaf\2.3.3.RELEASE\spring-boot-starter-thymeleaf-2.3.3.RELEASE.jar;D:\Java\apache-maven-3.5.4\ku\org\thymeleaf\thymeleaf-spring5\3.0.11.RELEASE\thymeleaf-spring5-3.0.11.RELEASE.jar;D:\Java\apache-maven-3.5.4\ku\org\thymeleaf\thymeleaf\3.0.11.RELEASE\thymeleaf-3.0.11.RELEASE.jar;D:\Java\apache-maven-3.5.4\ku\org\attoparser\attoparser\2.0.5.RELEASE\attoparser-2.0.5.RELEASE.jar;D:\Java\apache-maven-3.5.4\ku\org\unbescape\unbescape\1.1.6.RELEASE\unbescape-1.1.6.RELEASE.jar;D:\Java\apache-maven-3.5.4\ku\org\thymeleaf\extras\thymeleaf-extras-java8time\3.0.4.RELEASE\thymeleaf-extras-java8time-3.0.4.RELEASE.jar;D:\Java\apache-maven-3.5.4\ku\com\github\pagehelper\pagehelper-spring-boot-starter\1.2.3\pagehelper-spring-boot-starter-1.2.3.jar;D:\Java\apache-maven-3.5.4\ku\com\github\pagehelper\pagehelper-spring-boot-autoconfigure\1.2.3\pagehelper-spring-boot-autoconfigure-1.2.3.jar;D:\Java\apache-maven-3.5.4\ku\com\github\pagehelper\pagehelper\5.1.2\pagehelper-5.1.2.jar;D:\Java\apache-maven-3.5.4\ku\com\github\jsqlparser\jsqlparser\1.0\jsqlparser-1.0.jar;D:\Java\apache-maven-3.5.4\ku\commons-codec\commons-codec\1.14\commons-codec-1.14.jar;D:\Java\apache-maven-3.5.4\ku\org\apache\commons\commons-lang3\3.14.0\commons-lang3-3.14.0.jar;D:\Java\apache-maven-3.5.4\ku\junit\junit\4.13\junit-4.13.jar;D:\Java\apache-maven-3.5.4\ku\org\hamcrest\hamcrest-core\2.2\hamcrest-core-2.2.jar;D:\Java\apache-maven-3.5.4\ku\org\springframework\boot\spring-boot-starter-data-redis\2.3.3.RELEASE\spring-boot-starter-data-redis-2.3.3.RELEASE.jar;D:\Java\apache-maven-3.5.4\ku\org\springframework\data\spring-data-redis\2.3.3.RELEASE\spring-data-redis-2.3.3.RELEASE.jar;D:\Java\apache-maven-3.5.4\ku\org\springframework\data\spring-data-keyvalue\2.3.3.RELEASE\spring-data-keyvalue-2.3.3.RELEASE.jar;D:\Java\apache-maven-3.5.4\ku\org\springframework\spring-oxm\5.2.8.RELEASE\spring-oxm-5.2.8.RELEASE.jar;D:\Java\apache-maven-3.5.4\ku\org\springframework\spring-context-support\5.2.8.RELEASE\spring-context-support-5.2.8.RELEASE.jar;D:\Java\apache-maven-3.5.4\ku\io\lettuce\lettuce-core\5.3.3.RELEASE\lettuce-core-5.3.3.RELEASE.jar;D:\Java\apache-maven-3.5.4\ku\io\netty\netty-common\4.1.51.Final\netty-common-4.1.51.Final.jar;D:\Java\apache-maven-3.5.4\ku\io\netty\netty-handler\4.1.51.Final\netty-handler-4.1.51.Final.jar;D:\Java\apache-maven-3.5.4\ku\io\netty\netty-resolver\4.1.51.Final\netty-resolver-4.1.51.Final.jar;D:\Java\apache-maven-3.5.4\ku\io\netty\netty-buffer\4.1.51.Final\netty-buffer-4.1.51.Final.jar;D:\Java\apache-maven-3.5.4\ku\io\netty\netty-codec\4.1.51.Final\netty-codec-4.1.51.Final.jar;D:\Java\apache-maven-3.5.4\ku\io\netty\netty-transport\4.1.51.Final\netty-transport-4.1.51.Final.jar;D:\Java\apache-maven-3.5.4\ku\io\projectreactor\reactor-core\3.3.9.RELEASE\reactor-core-3.3.9.RELEASE.jar;D:\Java\apache-maven-3.5.4\ku\org\reactivestreams\reactive-streams\1.0.3\reactive-streams-1.0.3.jar;D:\Java\apache-maven-3.5.4\ku\redis\clients\jedis\3.3.0\jedis-3.3.0.jar;D:\Java\apache-maven-3.5.4\ku\org\slf4j\slf4j-api\1.7.30\slf4j-api-1.7.30.jar;D:\Java\apache-maven-3.5.4\ku\org\apache\commons\commons-pool2\2.8.1\commons-pool2-2.8.1.jar;D:\Java\apache-maven-3.5.4\ku\org\projectlombok\lombok\1.18.12\lombok-1.18.12.jar;D:\Java\apache-maven-3.5.4\ku\io\jsonwebtoken\jjwt\0.9.1\jjwt-0.9.1.jar;D:\Java\apache-maven-3.5.4\ku\com\fasterxml\jackson\core\jackson-databind\2.11.2\jackson-databind-2.11.2.jar;D:\Java\apache-maven-3.5.4\ku\com\fasterxml\jackson\core\jackson-annotations\2.11.2\jackson-annotations-2.11.2.jar;D:\Java\apache-maven-3.5.4\ku\com\fasterxml\jackson\core\jackson-core\2.11.2\jackson-core-2.11.2.jar;D:\Java\apache-maven-3.5.4\ku\com\alibaba\fastjson\1.2.76\fastjson-1.2.76.jar;D:\Java\apache-maven-3.5.4\ku\jakarta\servlet\jakarta.servlet-api\5.0.0\jakarta.servlet-api-5.0.0.jar;"/>
    <property name="sun.cpu.endian" value="little"/>
    <property name="user.home" value="C:\Users\aaa"/>
    <property name="user.language" value="zh"/>
    <property name="java.specification.vendor" value="Oracle Corporation"/>
    <property name="java.home" value="C:\Users\aaa\.jdks\corretto-1.8.0_362\jre"/>
    <property name="basedir" value="D:\Java\idea\local-workspace\iwc"/>
    <property name="file.separator" value="\"/>
    <property name="line.separator" value="&#10;"/>
    <property name="java.vm.specification.vendor" value="Oracle Corporation"/>
    <property name="java.specification.name" value="Java Platform API Specification"/>
    <property name="java.awt.graphicsenv" value="sun.awt.Win32GraphicsEnvironment"/>
    <property name="surefire.real.class.path" value="E:\系统缓存\surefire1786624095275402706\surefirebooter828015671402003368.jar"/>
    <property name="sun.boot.class.path" value="C:\Users\aaa\.jdks\corretto-1.8.0_362\jre\lib\resources.jar;C:\Users\aaa\.jdks\corretto-1.8.0_362\jre\lib\rt.jar;C:\Users\aaa\.jdks\corretto-1.8.0_362\jre\lib\sunrsasign.jar;C:\Users\aaa\.jdks\corretto-1.8.0_362\jre\lib\jsse.jar;C:\Users\aaa\.jdks\corretto-1.8.0_362\jre\lib\jce.jar;C:\Users\aaa\.jdks\corretto-1.8.0_362\jre\lib\charsets.jar;C:\Users\aaa\.jdks\corretto-1.8.0_362\jre\lib\jfr.jar;C:\Users\aaa\.jdks\corretto-1.8.0_362\jre\classes"/>
    <property name="user.script" value=""/>
    <property name="sun.management.compiler" value="HotSpot 64-Bit Tiered Compilers"/>
    <property name="java.runtime.version" value="1.8.0_362-b08"/>
    <property name="user.name" value="aaa"/>
    <property name="path.separator" value=";"/>
    <property name="os.version" value="10.0"/>
    <property name="java.endorsed.dirs" value="C:\Users\aaa\.jdks\corretto-1.8.0_362\jre\lib\endorsed"/>
    <property name="java.runtime.name" value="OpenJDK Runtime Environment"/>
    <property name="file.encoding" value="GBK"/>
    <property name="java.vm.name" value="OpenJDK 64-Bit Server VM"/>
    <property name="localRepository" value="D:\Java\apache-maven-3.5.4\ku"/>
    <property name="java.vendor.url.bug" value="https://github.com/corretto/corretto-8/issues/"/>
    <property name="java.io.tmpdir" value="E:\系统缓存\"/>
    <property name="idea.version" value="2024.1.3"/>
    <property name="java.version" value="1.8.0_362"/>
    <property name="user.dir" value="D:\Java\idea\local-workspace\iwc"/>
    <property name="os.arch" value="amd64"/>
    <property name="java.vm.specification.name" value="Java Virtual Machine Specification"/>
    <property name="java.awt.printerjob" value="sun.awt.windows.WPrinterJob"/>
    <property name="sun.os.patch.level" value=""/>
    <property name="java.library.path" value="C:\Users\aaa\.jdks\corretto-1.8.0_362\jre\bin;C:\WINDOWS\Sun\Java\bin;C:\WINDOWS\system32;C:\WINDOWS;C:\Program Files\Common Files\Oracle\Java\javapath;D:\Java\jdk\bin;D:\Java\tomcat\apache-tomcat-8.5.69\bin;D:\Java\tomcat\apache-tomcat-8.5.69\lib;D:\Java\Mysql\mysql-8.0.25-winx64\bin;C:\Program Files (x86)\Common Files\Intel\Shared Libraries\redist\intel64\compiler;C:\Windows\system32;C:\Windows;C:\Windows\System32\Wbem;C:\Windows\System32\WindowsPowerShell\v1.0\;C:\Windows\System32\OpenSSH\;C:\Program Files\Common Files\Autodesk Shared\;C:\Program Files\dotnet\;D:\Anaconda\Lib\site-packages;C:\Program Files (x86)\NVIDIA Corporation\PhysX\Common;C:\WINDOWS\system32;C:\WINDOWS;C:\WINDOWS\System32\Wbem;C:\WINDOWS\System32\WindowsPowerShell\v1.0\;C:\WINDOWS\System32\OpenSSH\;E:\系统默认\桌面\Bandizip;C:\St;awberry\c\bin;C:\Strawberry\perl\site\bin;C:\Strawberry\perl\bin;D:\Windows Kits\10\Windows Performance Toolkit\;D:\rust\qemu;C:\Program Files\NVIDIA Corporation\NVIDIA app\NvDLISR;D:\Java\Git\cmd;D:\Java\New Folder\;C:\Users\aaa\AppData\Local\Microsoft\WindowsApps;C:\Program Files\Bandizip\;%PyCharm Community Edition%;D:\Anaconda\Lib\site-packages;E:\游戏\QQGameTempest\Hall.57821\;C:\Program Files\Azure Data Studio\bin;D:\Java\idea\IntelliJ IDEA Community Edition 2023.1\bin;D:\Java\idea\IntelliJ IDEA 2023.1\bin;D:\vscode\Microsoft VS Code\bin;C:\Users\aaa\.dotnet\tools;C:\Program Files\JetBrains\IntelliJ IDEA 2024.1.3\bin;;C:\Users\aaa\AppData\Local\GitHubDesktop\bin;C:\Users\aaa\AppData\Roaming\npm;D:\Java\nodejs;;."/>
    <property name="java.vm.info" value="mixed mode"/>
    <property name="java.vendor" value="Amazon.com Inc."/>
    <property name="java.vm.version" value="25.362-b08"/>
    <property name="java.specification.maintenance.version" value="4"/>
    <property name="java.ext.dirs" value="C:\Users\aaa\.jdks\corretto-1.8.0_362\jre\lib\ext;C:\WINDOWS\Sun\Java\lib\ext"/>
    <property name="sun.io.unicode.encoding" value="UnicodeLittle"/>
    <property name="maven.repo.local" value="D:\Java\apache-maven-3.5.4\ku"/>
    <property name="java.class.version" value="52.0"/>
  </properties>
  <testcase name="testApp" classname="com.iworkcloud.AppTest" time="0"/>
</testsuite>